2021-05-09 23:14:23.502 [INFO ] com.ieasyclick.components.EcAppComponents - settingConfig data is :com.ieasyclick.settings.SettingConfig@62a98b6a
2021-05-09 23:14:23.507 [INFO ] com.ieasyclick.a - custom adb path  null
2021-05-09 23:14:23.507 [INFO ] com.ieasyclick.a - current android home is null
2021-05-09 23:14:23.507 [INFO ] com.ieasyclick.a - current adb home is null
2021-05-09 23:14:23.509 [INFO ] com.ieasyclick.a - EC 开发工具版本:5.9.0
2021-05-09 23:14:23.509 [INFO ] com.ieasyclick.a - init adb path:/home/yzl178me/.config/easyclick/ecbin/adb
2021-05-09 23:14:26.528 [INFO ] com.ieasyclick.a - startAdb result:* daemon not running; starting now at tcp:5037
* daemon started successfully

2021-05-09 23:14:26.542 [INFO ] com.ieasyclick.c.a.b - start web server on port: 10089
2021-05-09 23:14:29.092 [INFO ] com.ieasyclick.settings.PkgConfigInstance - settingConfig data is :com.ieasyclick.settings.PkgSettingsConf@5571ef22
2021-05-09 23:14:34.422 [INFO ] com.ieasyclick.d.n - new version 6.7.0 
  1、修复手机floaty模块在ui中使用卡死问题
2、移动自动化环境守护到daemonEnv函数中，可手工调用
3、新增横向滚动HorizontalScrollView组件
4、新增悬浮窗模块坐标点获取
5、新增云控模块删除脚本的函数
6、云控热更新、脚本下发增加md5校验
7、修复云控数据列表导出问题
8、新增脚本分配给租户功能(租户新建任务可选择分享的脚本)
9、修复云控租户删除自己设备问题
10、新增setSaveLogEx函数，可以修改日志文件名称

2021-05-09 23:14:51.072 [INFO ] com.ieasyclick.d.f - get url http://192.168.1.106:20290/api/ecappinfo
2021-05-09 23:14:54.259 [INFO ] com.ieasyclick.d.f - GET失败：http://192.168.1.106:20290/api/ecappinfo
java.net.SocketTimeoutException: connect timed out
	at java.base/java.net.PlainSocketImpl.socketConnect(Native Method)
	at java.base/java.net.AbstractPlainSocketImpl.doConnect(AbstractPlainSocketImpl.java:399)
	at java.base/java.net.AbstractPlainSocketImpl.connectToAddress(AbstractPlainSocketImpl.java:242)
	at java.base/java.net.AbstractPlainSocketImpl.connect(AbstractPlainSocketImpl.java:224)
	at java.base/java.net.SocksSocketImpl.connect(SocksSocketImpl.java:403)
	at java.base/java.net.Socket.connect(Socket.java:609)
	at okhttp3.internal.platform.Platform.connectSocket(Platform.kt:127)
	at okhttp3.internal.connection.RealConnection.connectSocket(RealConnection.kt:268)
	at okhttp3.internal.connection.RealConnection.connect(RealConnection.kt:176)
	at okhttp3.internal.connection.ExchangeFinder.findConnection(ExchangeFinder.kt:236)
	at okhttp3.internal.connection.ExchangeFinder.findHealthyConnection(ExchangeFinder.kt:109)
	at okhttp3.internal.connection.ExchangeFinder.find(ExchangeFinder.kt:77)
	at okhttp3.internal.connection.Transmitter.newExchange$okhttp(Transmitter.kt:162)
	at okhttp3.internal.connection.ConnectInterceptor.intercept(ConnectInterceptor.kt:35)
	at okhttp3.internal.http.RealInterceptorChain.proceed(RealInterceptorChain.kt:112)
	at okhttp3.internal.http.RealInterceptorChain.proceed(RealInterceptorChain.kt:87)
	at okhttp3.internal.cache.CacheInterceptor.intercept(CacheInterceptor.kt:82)
	at okhttp3.internal.http.RealInterceptorChain.proceed(RealInterceptorChain.kt:112)
	at okhttp3.internal.http.RealInterceptorChain.proceed(RealInterceptorChain.kt:87)
	at okhttp3.internal.http.BridgeInterceptor.intercept(BridgeInterceptor.kt:84)
	at okhttp3.internal.http.RealInterceptorChain.proceed(RealInterceptorChain.kt:112)
	at okhttp3.internal.http.RetryAndFollowUpInterceptor.intercept(RetryAndFollowUpInterceptor.kt:71)
	at okhttp3.internal.http.RealInterceptorChain.proceed(RealInterceptorChain.kt:112)
	at okhttp3.internal.http.RealInterceptorChain.proceed(RealInterceptorChain.kt:87)
	at okhttp3.RealCall.getResponseWithInterceptorChain(RealCall.kt:184)
	at okhttp3.RealCall.execute(RealCall.kt:66)
	at com.ieasyclick.d.f.a(Unknown Source)
	at com.ieasyclick.d.f.a(Unknown Source)
	at com.ieasyclick.action.WifiConnectDeviceAction$1.run(Unknown Source)
	at com.intellij.openapi.progress.impl.CoreProgressManager$TaskRunnable.run(CoreProgressManager.java:935)
	at com.intellij.openapi.progress.impl.CoreProgressManager.lambda$runProcessWithProgressAsync$5(CoreProgressManager.java:442)
	at com.intellij.openapi.progress.impl.ProgressRunner.lambda$submit$3(ProgressRunner.java:235)
	at com.intellij.openapi.progress.impl.CoreProgressManager.lambda$runProcess$2(CoreProgressManager.java:170)
	at com.intellij.openapi.progress.impl.CoreProgressManager.registerIndicatorAndRun(CoreProgressManager.java:629)
	at com.intellij.openapi.progress.impl.CoreProgressManager.executeProcessUnderProgress(CoreProgressManager.java:581)
	at com.intellij.openapi.progress.impl.ProgressManagerImpl.executeProcessUnderProgress(ProgressManagerImpl.java:60)
	at com.intellij.openapi.progress.impl.CoreProgressManager.runProcess(CoreProgressManager.java:157)
	at com.intellij.openapi.progress.impl.ProgressRunner.lambda$submit$4(ProgressRunner.java:235)
	at java.base/java.util.concurrent.CompletableFuture$AsyncSupply.run(CompletableFuture.java:1700)
	at java.base/java.util.concurrent.ThreadPoolExecutor.runWorker(ThreadPoolExecutor.java:1128)
	at java.base/java.util.concurrent.ThreadPoolExecutor$Worker.run(ThreadPoolExecutor.java:628)
	at java.base/java.util.concurrent.Executors$PrivilegedThreadFactory$1$1.run(Executors.java:668)
	at java.base/java.util.concurrent.Executors$PrivilegedThreadFactory$1$1.run(Executors.java:665)
	at java.base/java.security.AccessController.doPrivileged(Native Method)
	at java.base/java.util.concurrent.Executors$PrivilegedThreadFactory$1.run(Executors.java:665)
	at java.base/java.lang.Thread.run(Thread.java:834)
2021-05-09 23:14:54.265 [INFO ] com.ieasyclick.screen.LogUI - 请求远程EC失败，请确认设备已安装EC程序并且处于打开状态
2021-05-09 23:15:13.322 [INFO ] com.ieasyclick.d.f - get url http://192.168.1.106:20290/api/ecappinfo
2021-05-09 23:15:16.332 [INFO ] com.ieasyclick.d.f - GET失败：http://192.168.1.106:20290/api/ecappinfo
java.net.SocketTimeoutException: connect timed out
	at java.base/java.net.PlainSocketImpl.socketConnect(Native Method)
	at java.base/java.net.AbstractPlainSocketImpl.doConnect(AbstractPlainSocketImpl.java:399)
	at java.base/java.net.AbstractPlainSocketImpl.connectToAddress(AbstractPlainSocketImpl.java:242)
	at java.base/java.net.AbstractPlainSocketImpl.connect(AbstractPlainSocketImpl.java:224)
	at java.base/java.net.SocksSocketImpl.connect(SocksSocketImpl.java:403)
	at java.base/java.net.Socket.connect(Socket.java:609)
	at okhttp3.internal.platform.Platform.connectSocket(Platform.kt:127)
	at okhttp3.internal.connection.RealConnection.connectSocket(RealConnection.kt:268)
	at okhttp3.internal.connection.RealConnection.connect(RealConnection.kt:176)
	at okhttp3.internal.connection.ExchangeFinder.findConnection(ExchangeFinder.kt:236)
	at okhttp3.internal.connection.ExchangeFinder.findHealthyConnection(ExchangeFinder.kt:109)
	at okhttp3.internal.connection.ExchangeFinder.find(ExchangeFinder.kt:77)
	at okhttp3.internal.connection.Transmitter.newExchange$okhttp(Transmitter.kt:162)
	at okhttp3.internal.connection.ConnectInterceptor.intercept(ConnectInterceptor.kt:35)
	at okhttp3.internal.http.RealInterceptorChain.proceed(RealInterceptorChain.kt:112)
	at okhttp3.internal.http.RealInterceptorChain.proceed(RealInterceptorChain.kt:87)
	at okhttp3.internal.cache.CacheInterceptor.intercept(CacheInterceptor.kt:82)
	at okhttp3.internal.http.RealInterceptorChain.proceed(RealInterceptorChain.kt:112)
	at okhttp3.internal.http.RealInterceptorChain.proceed(RealInterceptorChain.kt:87)
	at okhttp3.internal.http.BridgeInterceptor.intercept(BridgeInterceptor.kt:84)
	at okhttp3.internal.http.RealInterceptorChain.proceed(RealInterceptorChain.kt:112)
	at okhttp3.internal.http.RetryAndFollowUpInterceptor.intercept(RetryAndFollowUpInterceptor.kt:71)
	at okhttp3.internal.http.RealInterceptorChain.proceed(RealInterceptorChain.kt:112)
	at okhttp3.internal.http.RealInterceptorChain.proceed(RealInterceptorChain.kt:87)
	at okhttp3.RealCall.getResponseWithInterceptorChain(RealCall.kt:184)
	at okhttp3.RealCall.execute(RealCall.kt:66)
	at com.ieasyclick.d.f.a(Unknown Source)
	at com.ieasyclick.d.f.a(Unknown Source)
	at com.ieasyclick.action.WifiConnectDeviceAction$1.run(Unknown Source)
	at com.intellij.openapi.progress.impl.CoreProgressManager$TaskRunnable.run(CoreProgressManager.java:935)
	at com.intellij.openapi.progress.impl.CoreProgressManager.lambda$runProcessWithProgressAsync$5(CoreProgressManager.java:442)
	at com.intellij.openapi.progress.impl.ProgressRunner.lambda$submit$3(ProgressRunner.java:235)
	at com.intellij.openapi.progress.impl.CoreProgressManager.lambda$runProcess$2(CoreProgressManager.java:170)
	at com.intellij.openapi.progress.impl.CoreProgressManager.registerIndicatorAndRun(CoreProgressManager.java:629)
	at com.intellij.openapi.progress.impl.CoreProgressManager.executeProcessUnderProgress(CoreProgressManager.java:581)
	at com.intellij.openapi.progress.impl.ProgressManagerImpl.executeProcessUnderProgress(ProgressManagerImpl.java:60)
	at com.intellij.openapi.progress.impl.CoreProgressManager.runProcess(CoreProgressManager.java:157)
	at com.intellij.openapi.progress.impl.ProgressRunner.lambda$submit$4(ProgressRunner.java:235)
	at java.base/java.util.concurrent.CompletableFuture$AsyncSupply.run(CompletableFuture.java:1700)
	at java.base/java.util.concurrent.ThreadPoolExecutor.runWorker(ThreadPoolExecutor.java:1128)
	at java.base/java.util.concurrent.ThreadPoolExecutor$Worker.run(ThreadPoolExecutor.java:628)
	at java.base/java.util.concurrent.Executors$PrivilegedThreadFactory$1$1.run(Executors.java:668)
	at java.base/java.util.concurrent.Executors$PrivilegedThreadFactory$1$1.run(Executors.java:665)
	at java.base/java.security.AccessController.doPrivileged(Native Method)
	at java.base/java.util.concurrent.Executors$PrivilegedThreadFactory$1.run(Executors.java:665)
	at java.base/java.lang.Thread.run(Thread.java:834)
2021-05-09 23:15:16.337 [INFO ] com.ieasyclick.screen.LogUI - 请求远程EC失败，请确认设备已安装EC程序并且处于打开状态
2021-05-09 23:16:05.604 [INFO ] com.ieasyclick.components.EcAppComponents - settingConfig data is :com.ieasyclick.settings.SettingConfig@3c321cca
2021-05-09 23:16:05.608 [INFO ] com.ieasyclick.a - custom adb path  null
2021-05-09 23:16:05.608 [INFO ] com.ieasyclick.a - current android home is null
2021-05-09 23:16:05.608 [INFO ] com.ieasyclick.a - current adb home is null
2021-05-09 23:16:05.622 [INFO ] com.ieasyclick.a - EC 开发工具版本:5.9.0
2021-05-09 23:16:05.622 [INFO ] com.ieasyclick.a - init adb path:/home/yzl178me/.config/easyclick/ecbin/adb
2021-05-09 23:16:05.638 [INFO ] com.ieasyclick.a - startAdb result:
2021-05-09 23:16:05.642 [INFO ] com.ieasyclick.c.a.b - start web server on port: 10089
2021-05-09 23:16:09.921 [INFO ] com.ieasyclick.settings.PkgConfigInstance - settingConfig data is :com.ieasyclick.settings.PkgSettingsConf@64116342
2021-05-09 23:16:15.622 [INFO ] com.ieasyclick.d.n - new version 6.7.0 
  1、修复手机floaty模块在ui中使用卡死问题
2、移动自动化环境守护到daemonEnv函数中，可手工调用
3、新增横向滚动HorizontalScrollView组件
4、新增悬浮窗模块坐标点获取
5、新增云控模块删除脚本的函数
6、云控热更新、脚本下发增加md5校验
7、修复云控数据列表导出问题
8、新增脚本分配给租户功能(租户新建任务可选择分享的脚本)
9、修复云控租户删除自己设备问题
10、新增setSaveLogEx函数，可以修改日志文件名称

2021-05-09 23:16:44.202 [INFO ] com.ieasyclick.d.a - 获取设备列表... /home/yzl178me/.config/easyclick/ecbin/adb devices
2021-05-09 23:16:44.217 [INFO ] com.ieasyclick.d.a - 获取设备列表结果: List of devices attached
JUBNU18715107643	device


2021-05-09 23:16:44.397 [INFO ] com.ieasyclick.d.a - 找到设备... JUBNU18715107643 状态: device 可连接,品牌: HONOR 机型:RVL-AL09
2021-05-09 23:16:44.423 [INFO ] com.ieasyclick.d.f - get url http://127.0.0.1:20290/api/ecappinfo
2021-05-09 23:16:44.947 [INFO ] com.ieasyclick.d.c - 远程返回的信息 EcInfo{version='5.7.0', brand='HONOR', model='RVL-AL09', sdk_int='28', running_mode='无障碍模式', os_version='9', auto_start_service='否', daemon_service='null', volume_start_tc='否', log_float_window='否', ctrl_float_window='否'}
2021-05-09 23:17:06.820 [INFO ] com.ieasyclick.d.a - 安装APP /tmp/ecbin/adb/ec.apk 结果: Performing Streamed Install
Success

2021-05-09 23:17:09.100 [INFO ] com.ieasyclick.d.f - get url http://127.0.0.1:20290/api/ping
2021-05-09 23:17:13.290 [INFO ] com.ieasyclick.a.c.d - request local 执行启动命令异常 http://127.0.0.1:8501/ping
java.net.SocketException: Unexpected end of file from server
	at java.base/sun.net.www.http.HttpClient.parseHTTPHeader(HttpClient.java:866)
	at java.base/sun.net.www.http.HttpClient.parseHTTP(HttpClient.java:689)
	at java.base/sun.net.www.http.HttpClient.parseHTTPHeader(HttpClient.java:863)
	at java.base/sun.net.www.http.HttpClient.parseHTTP(HttpClient.java:689)
	at java.base/sun.net.www.protocol.http.HttpURLConnection.getInputStream0(HttpURLConnection.java:1615)
	at java.base/sun.net.www.protocol.http.HttpURLConnection.getInputStream(HttpURLConnection.java:1520)
	at com.ieasyclick.a.a.a.a(Unknown Source)
	at com.ieasyclick.a.c.d.a(Unknown Source)
	at com.ieasyclick.a.c.a.a(Unknown Source)
	at com.ieasyclick.d.c.b(Unknown Source)
	at com.ieasyclick.action.UsbConnectDeviceAction.active(Unknown Source)
	at com.ieasyclick.action.UsbConnectDeviceAction.access$200(Unknown Source)
	at com.ieasyclick.action.UsbConnectDeviceAction$3.c(Unknown Source)
	at com.ieasyclick.d.c.c(Unknown Source)
	at com.ieasyclick.d.c.a(Unknown Source)
	at com.ieasyclick.action.UsbConnectDeviceAction.connect(Unknown Source)
	at com.ieasyclick.action.UsbConnectDeviceAction.access$000(Unknown Source)
	at com.ieasyclick.action.UsbConnectDeviceAction$1.run(Unknown Source)
	at com.intellij.openapi.progress.impl.CoreProgressManager$TaskRunnable.run(CoreProgressManager.java:935)
	at com.intellij.openapi.progress.impl.CoreProgressManager.lambda$runProcessWithProgressAsync$5(CoreProgressManager.java:442)
	at com.intellij.openapi.progress.impl.ProgressRunner.lambda$submit$3(ProgressRunner.java:235)
	at com.intellij.openapi.progress.impl.CoreProgressManager.lambda$runProcess$2(CoreProgressManager.java:170)
	at com.intellij.openapi.progress.impl.CoreProgressManager.registerIndicatorAndRun(CoreProgressManager.java:629)
	at com.intellij.openapi.progress.impl.CoreProgressManager.executeProcessUnderProgress(CoreProgressManager.java:581)
	at com.intellij.openapi.progress.impl.ProgressManagerImpl.executeProcessUnderProgress(ProgressManagerImpl.java:60)
	at com.intellij.openapi.progress.impl.CoreProgressManager.runProcess(CoreProgressManager.java:157)
	at com.intellij.openapi.progress.impl.ProgressRunner.lambda$submit$4(ProgressRunner.java:235)
	at java.base/java.util.concurrent.CompletableFuture$AsyncSupply.run(CompletableFuture.java:1700)
	at java.base/java.util.concurrent.ThreadPoolExecutor.runWorker(ThreadPoolExecutor.java:1128)
	at java.base/java.util.concurrent.ThreadPoolExecutor$Worker.run(ThreadPoolExecutor.java:628)
	at java.base/java.util.concurrent.Executors$PrivilegedThreadFactory$1$1.run(Executors.java:668)
	at java.base/java.util.concurrent.Executors$PrivilegedThreadFactory$1$1.run(Executors.java:665)
	at java.base/java.security.AccessController.doPrivileged(Native Method)
	at java.base/java.util.concurrent.Executors$PrivilegedThreadFactory$1.run(Executors.java:665)
	at java.base/java.lang.Thread.run(Thread.java:834)
2021-05-09 23:17:13.295 [INFO ] com.ieasyclick.a.c.d - adb命令推送文件模式...
2021-05-09 23:20:30.359 [INFO ] com.ieasyclick.components.EcAppComponents - settingConfig data is :com.ieasyclick.settings.SettingConfig@5c544697
2021-05-09 23:20:30.364 [INFO ] com.ieasyclick.a - custom adb path  null
2021-05-09 23:20:30.364 [INFO ] com.ieasyclick.a - current android home is null
2021-05-09 23:20:30.364 [INFO ] com.ieasyclick.a - current adb home is null
2021-05-09 23:20:30.366 [INFO ] com.ieasyclick.a - EC 开发工具版本:5.9.0
2021-05-09 23:20:30.366 [INFO ] com.ieasyclick.a - init adb path:/home/yzl178me/.config/easyclick/ecbin/adb
2021-05-09 23:20:30.379 [INFO ] com.ieasyclick.a - startAdb result:
2021-05-09 23:20:30.383 [INFO ] com.ieasyclick.c.a.b - start web server on port: 10089
2021-05-09 23:20:34.654 [INFO ] com.ieasyclick.settings.PkgConfigInstance - settingConfig data is :com.ieasyclick.settings.PkgSettingsConf@607a9e89
2021-05-09 23:20:40.270 [INFO ] com.ieasyclick.d.n - new version 6.7.0 
  1、修复手机floaty模块在ui中使用卡死问题
2、移动自动化环境守护到daemonEnv函数中，可手工调用
3、新增横向滚动HorizontalScrollView组件
4、新增悬浮窗模块坐标点获取
5、新增云控模块删除脚本的函数
6、云控热更新、脚本下发增加md5校验
7、修复云控数据列表导出问题
8、新增脚本分配给租户功能(租户新建任务可选择分享的脚本)
9、修复云控租户删除自己设备问题
10、新增setSaveLogEx函数，可以修改日志文件名称

2021-05-09 23:21:21.780 [INFO ] com.ieasyclick.d.a - 获取设备列表... /home/yzl178me/.config/easyclick/ecbin/adb devices
2021-05-09 23:21:21.803 [INFO ] com.ieasyclick.d.a - 获取设备列表结果: List of devices attached
JUBNU18715107643	device


2021-05-09 23:21:21.931 [INFO ] com.ieasyclick.d.a - 找到设备... JUBNU18715107643 状态: device 可连接,品牌: HONOR 机型:RVL-AL09
2021-05-09 23:21:21.989 [INFO ] com.ieasyclick.d.f - get url http://127.0.0.1:20290/api/ecappinfo
2021-05-09 23:21:22.542 [INFO ] com.ieasyclick.d.c - 远程返回的信息 EcInfo{version='5.9.0', brand='HONOR', model='RVL-AL09', sdk_int='28', running_mode='无障碍模式', os_version='9', auto_start_service='否', daemon_service='null', volume_start_tc='否', log_float_window='否', ctrl_float_window='否'}
2021-05-09 23:22:41.524 [INFO ] com.ieasyclick.components.EcAppComponents - settingConfig data is :com.ieasyclick.settings.SettingConfig@1add7509
2021-05-09 23:22:41.528 [INFO ] com.ieasyclick.a - custom adb path  null
2021-05-09 23:22:41.529 [INFO ] com.ieasyclick.a - current android home is null
2021-05-09 23:22:41.529 [INFO ] com.ieasyclick.a - current adb home is null
2021-05-09 23:22:41.531 [INFO ] com.ieasyclick.a - EC 开发工具版本:5.9.0
2021-05-09 23:22:41.532 [INFO ] com.ieasyclick.a - init adb path:/home/yzl178me/.config/easyclick/ecbin/adb
2021-05-09 23:22:41.547 [INFO ] com.ieasyclick.a - startAdb result:
2021-05-09 23:22:41.551 [INFO ] com.ieasyclick.c.a.b - start web server on port: 10089
2021-05-09 23:22:45.901 [INFO ] com.ieasyclick.settings.PkgConfigInstance - settingConfig data is :com.ieasyclick.settings.PkgSettingsConf@63005ed6
2021-05-09 23:22:51.504 [INFO ] com.ieasyclick.d.n - new version 6.7.0 
  1、修复手机floaty模块在ui中使用卡死问题
2、移动自动化环境守护到daemonEnv函数中，可手工调用
3、新增横向滚动HorizontalScrollView组件
4、新增悬浮窗模块坐标点获取
5、新增云控模块删除脚本的函数
6、云控热更新、脚本下发增加md5校验
7、修复云控数据列表导出问题
8、新增脚本分配给租户功能(租户新建任务可选择分享的脚本)
9、修复云控租户删除自己设备问题
10、新增setSaveLogEx函数，可以修改日志文件名称

2021-05-09 23:23:01.768 [INFO ] com.ieasyclick.d.a - 获取设备列表... /home/yzl178me/.config/easyclick/ecbin/adb devices
2021-05-09 23:23:01.815 [INFO ] com.ieasyclick.d.a - 获取设备列表结果: List of devices attached
JUBNU18715107643	device


2021-05-09 23:23:01.991 [INFO ] com.ieasyclick.d.a - 找到设备... JUBNU18715107643 状态: device 可连接,品牌: HONOR 机型:RVL-AL09
2021-05-09 23:23:02.032 [INFO ] com.ieasyclick.d.f - get url http://127.0.0.1:20290/api/ecappinfo
2021-05-09 23:23:02.483 [INFO ] com.ieasyclick.d.c - 远程返回的信息 EcInfo{version='5.9.0', brand='HONOR', model='RVL-AL09', sdk_int='28', running_mode='无障碍模式', os_version='9', auto_start_service='否', daemon_service='null', volume_start_tc='否', log_float_window='否', ctrl_float_window='否'}
2021-05-09 23:23:17.879 [INFO ] com.ieasyclick.screen.NodeFetch - FetcherFactory fetch :UiAutomatorResult{uiHierarchy=/tmp/uv_4065267008905535461/dump_3229567722146156219.uix, screenshot=BufferedImage@119b61da: type = 6 ColorModel: #pixelBits = 32 numComponents = 4 color space = java.awt.color.ICC_ColorSpace@50db8e1b transparency = 3 has alpha = true isAlphaPre = false ByteInterleavedRaster: width = 1080 height = 2220 #numDataElements 4 dataOff[0] = 3, mSpath='null', activityName='null/null'}
2021-05-09 23:23:21.860 [INFO ] com.ieasyclick.screen.NodeFetch - FetcherFactory fetch :UiAutomatorResult{uiHierarchy=/tmp/uv_11335404809481214225/dump_14725360014954525065.uix, screenshot=BufferedImage@177fcba9: type = 6 ColorModel: #pixelBits = 32 numComponents = 4 color space = java.awt.color.ICC_ColorSpace@50db8e1b transparency = 3 has alpha = true isAlphaPre = false ByteInterleavedRaster: width = 1080 height = 2220 #numDataElements 4 dataOff[0] = 3, mSpath='null', activityName='null/null'}
2021-05-09 23:23:24.510 [INFO ] com.ieasyclick.screen.NodeFetch - FetcherFactory fetch :UiAutomatorResult{uiHierarchy=/tmp/uv_3112823982255555183/dump_228752334653084853.uix, screenshot=BufferedImage@6431f3ff: type = 6 ColorModel: #pixelBits = 32 numComponents = 4 color space = java.awt.color.ICC_ColorSpace@50db8e1b transparency = 3 has alpha = true isAlphaPre = false ByteInterleavedRaster: width = 1080 height = 2220 #numDataElements 4 dataOff[0] = 3, mSpath='null', activityName='null/null'}
2021-05-09 23:24:06.821 [INFO ] com.ieasyclick.screen.NodeFetch - FetcherFactory fetch :UiAutomatorResult{uiHierarchy=/tmp/uv_13442748002680667812/dump_8430322179285017100.uix, screenshot=BufferedImage@3cb4a031: type = 6 ColorModel: #pixelBits = 32 numComponents = 4 color space = java.awt.color.ICC_ColorSpace@50db8e1b transparency = 3 has alpha = true isAlphaPre = false ByteInterleavedRaster: width = 1080 height = 2220 #numDataElements 4 dataOff[0] = 3, mSpath='null', activityName='com.ss.android.ugc.aweme/com.ss.android.ugc.aweme.live.LivePlayActivity'}
