[395074][1603109717681][requester][info]["EventBus~initialize - Success"]
[395074][1603109717682][requester][info]["Messaging~boot - Success"]
[395074][1603109717689][requester][info]["bootCrashReporter~ Success"]
[395074][1603109717689][requester][info]["Telemetry~boot - Success"]
[395074][1603109717690][requester][info]["bootConfigurations~initialize - Success"]
[395074][1603109717691][requester][info]["Settings~boot - Success"]
[395074][1603109717728][requester][info]["bootstrapModels - Success"]
[395074][1603109717728][requester][info]["WLModels~boot - Success"]
[395074][1603109717759][requester][info]["Session~boot - Success"]
[395074][1603109717761][requester][info]["IndependentServices~boot - Success"]
[395074][1603109717767][requester][info]["AppModels~boot - Success"]
[395074][1603109717768][requester][info]["DBWatcher~boot - Success"]
[395074][1603109717770][requester][info]["ThemeManager~boot - Success"]
[395074][1603109717770][requester][info]["Store~boot - Success"]
[395074][1603109717771][requester][info]["Shortcuts~boot - Success"]
[395074][1603109717772][requester][info]["SyncProxy~boot - Success"]
[395074][1603109717780][requester][info]["NewConsole~boot - Success"]
[395074][1603109717781][requester][info]["APIDevInterface~boot - Success"]
[395074][1603109717787][requester][info]["Requester~boot - Success"]
[395074][1603109717787][requester][info]["booted - requester"]
[395074][1603109717805][requester][warn]["CloudProxyHandler: Error while reading proxy configuration from user data - ",{"errno":-2,"code":"ENOENT","syscall":"open","path":"/home/yzl178me/.config/Postman/Postman_Config/proxy","name":"Error","message":"ENOENT: no such file or directory, open '/home/yzl178me/.config/Postman/Postman_Config/proxy'","stack":"Error: ENOENT: no such file or directory, open '/home/yzl178me/.config/Postman/Postman_Config/proxy'"}]
[395074][1603109718428][requester][info]["SessionValidation - Registering listener"]
[395074][1603109718435][requester][warn]["FeatureFlagsStore~updateFlags: Could not find feature flags",{"error":{"message":"SyncRequestService\\x7erequestListener: Could not fetch from sync. Socket not connected."}}]
[395074][1603109911183][requester][warn]["Failed to subscribe to workspace for all APIs",{"name":"Error","message":"","stack":"Error\n    at SafeSubscriber._next (file:///usr/share/postman/app/js/vendor-shared.js:447886:24)\n    at SafeSubscriber.push.SafeSubscriber.__tryOrUnsub (file:///usr/share/postman/app/js/vendor-shared.js:413243:16)\n    at SafeSubscriber.push.SafeSubscriber.next (file:///usr/share/postman/app/js/vendor-shared.js:413181:22)\n    at Subscriber.push.Subscriber._next (file:///usr/share/postman/app/js/vendor-shared.js:413124:26)\n    at Subscriber.push.Subscriber.next (file:///usr/share/postman/app/js/vendor-shared.js:413101:18)\n    at FilterSubscriber.push.FilterSubscriber._next (file:///usr/share/postman/app/js/vendor-shared.js:420281:30)\n    at FilterSubscriber.push.Subscriber.next (file:///usr/share/postman/app/js/vendor-shared.js:413101:18)\n    at RefCountSubscriber.push.Subscriber._next (file:///usr/share/postman/app/js/vendor-shared.js:413124:26)\n    at RefCountSubscriber.push.Subscriber.next (file:///usr/share/postman/app/js/vendor-shared.js:413101:18)\n    at Subject.push.Subject.next (file:///usr/share/postman/app/js/vendor-shared.js:414177:25)\n    at ConnectableSubscriber.push.Subscriber._next (file:///usr/share/postman/app/js/vendor-shared.js:413124:26)\n    at ConnectableSubscriber.push.Subscriber.next (file:///usr/share/postman/app/js/vendor-shared.js:413101:18)\n    at EventEmitter.<anonymous> (file:///usr/share/postman/app/js/vendor-shared.js:447834:14)\n    at EventEmitter.emit (file:///usr/share/postman/app/js/vendor-shared.js:27377:5)\n    at _dispatch (file:///usr/share/postman/app/js/vendor-shared.js:45413:14)\n    at EventEmitter.<anonymous> (file:///usr/share/postman/app/js/vendor-shared.js:45423:9)"}]
[395074][1603109911232][requester][warn]["APIDevService~getAPIs: Failed to get APIs.",{"error":{"message":"SyncRequestService\\x7erequestListener: Could not fetch from sync. Socket not connected."}}]
[395074][1603109911234][requester][warn]["Failed to refresh API List",{"error":{"message":"SyncRequestService\\x7erequestListener: Could not fetch from sync. Socket not connected."}}]
